<?xml version="1.0" encoding="UTF-8"?>
<testng-results ignored="0" total="1" passed="1" failed="0" skipped="0">
  <reporter-output>
  </reporter-output>
  <suite started-at="2022-01-28T00:32:16 IST" name="Suite" finished-at="2022-01-28T00:32:45 IST" duration-ms="29801">
    <groups>
    </groups>
    <test started-at="2022-01-28T00:32:16 IST" name="Test" finished-at="2022-01-28T00:32:45 IST" duration-ms="29801">
      <class name="right.side.Homepage">
        <test-method signature="basepagenavigation()[pri:0, instance:right.side.Homepage@7b8b43c7]" started-at="2022-01-28T00:32:16 IST" name="basepagenavigation" finished-at="2022-01-28T00:32:45 IST" duration-ms="29711" status="PASS">
          <reporter-output>
          </reporter-output>
        </test-method> <!-- basepagenavigation -->
      </class> <!-- right.side.Homepage -->
    </test> <!-- Test -->
  </suite> <!-- Suite -->
</testng-results>
