<?xml version="1.0" encoding="UTF-8"?>
<testsuite xmlns:xsi="http://www.w3.org/2001/XMLSchema-instance" xsi:noNamespaceSchemaLocation="https://maven.apache.org/surefire/maven-surefire-plugin/xsd/surefire-test-report-3.0.xsd" version="3.0" name="TestSuite" time="299.916" tests="3" errors="0" skipped="0" failures="1">
  <properties>
[...]
</properties>
  <testcase name="stay" classname="First.a.homepage" time="106.168">
    <system-out><![CDATA[chrome
]]></system-out>
    <system-err><![CDATA[SLF4J: Failed to load class "org.slf4j.impl.StaticLoggerBinder".
SLF4J: Defaulting to no-operation (NOP) logger implementation
SLF4J: See http://www.slf4j.org/codes.html#StaticLoggerBinder for further details.
Starting ChromeDriver 97.0.4692.71 (adefa7837d02a07a604c1e6eff0b3a09422ab88d-refs/branch-heads/4692@{#1247}) on port 65209
Only local connections are allowed.
Please see https://chromedriver.chromium.org/security-considerations for suggestions on keeping ChromeDriver safe.
ChromeDriver was started successfully.
Jan 27, 2022 11:57:48 PM org.openqa.selenium.remote.ProtocolHandshake createSession
INFO: Detected dialect: W3C
Jan 27, 2022 11:57:48 PM org.openqa.selenium.devtools.CdpVersionFinder findNearestMatch
WARNING: Unable to find an exact match for CDP version 97, so returning the closest version found: 96
Jan 27, 2022 11:57:48 PM org.openqa.selenium.devtools.CdpVersionFinder findNearestMatch
INFO: Found CDP implementation for version 97 of 96
]]></system-err>
  </testcase>
  <testcase name="oncepractice" classname="First.a.newone" time="182.901">
    <system-out><![CDATA[chrome
]]></system-out>
    <system-err><![CDATA[Starting ChromeDriver 97.0.4692.71 (adefa7837d02a07a604c1e6eff0b3a09422ab88d-refs/branch-heads/4692@{#1247}) on port 56627
Only local connections are allowed.
Please see https://chromedriver.chromium.org/security-considerations for suggestions on keeping ChromeDriver safe.
ChromeDriver was started successfully.
Jan 27, 2022 11:58:28 PM org.openqa.selenium.remote.ProtocolHandshake createSession
INFO: Detected dialect: W3C
Jan 27, 2022 11:58:28 PM org.openqa.selenium.devtools.CdpVersionFinder findNearestMatch
WARNING: Unable to find an exact match for CDP version 97, so returning the closest version found: 96
Jan 27, 2022 11:58:28 PM org.openqa.selenium.devtools.CdpVersionFinder findNearestMatch
INFO: Found CDP implementation for version 97 of 96
[1643308282.183][SEVERE]: Unable to receive message from renderer
]]></system-err>
  </testcase>
  <testcase name="throwa" classname="First.a.newone" time="188.844">
    <failure message="chrome not reachable&#10;  (Session info: chrome=97.0.4692.99)&#10;Build info: version: &apos;4.1.1&apos;, revision: &apos;e8fcc2cecf&apos;&#10;System info: host: &apos;DESKTOP-KTNK891&apos;, ip: &apos;192.168.0.194&apos;, os.name: &apos;Windows 10&apos;, os.arch: &apos;amd64&apos;, os.version: &apos;10.0&apos;, java.version: &apos;11.0.14&apos;&#10;Driver info: org.openqa.selenium.chrome.ChromeDriver&#10;Command: [e43eca5e9311cce334e705faefac5c02, close {}]&#10;Capabilities {acceptInsecureCerts: false, browserName: chrome, browserVersion: 97.0.4692.99, chrome: {chromedriverVersion: 97.0.4692.71 (adefa7837d02a..., userDataDir: C:\Users\ramya\AppData\Loca...}, goog:chromeOptions: {debuggerAddress: localhost:61601}, javascriptEnabled: true, networkConnectionEnabled: false, pageLoadStrategy: normal, platform: WINDOWS, platformName: WINDOWS, proxy: Proxy(), se:cdp: ws://localhost:61601/devtoo..., se:cdpVersion: 97.0.4692.99, setWindowRect: true, strictFileInteractability: false, timeouts: {implicit: 0, pageLoad: 300000, script: 30000}, unhandledPromptBehavior: dismiss and notify, webauthn:extension:credBlob: true, webauthn:extension:largeBlob: true, webauthn:virtualAuthenticators: true}&#10;Session ID: e43eca5e9311cce334e705faefac5c02" type="org.openqa.selenium.WebDriverException"><![CDATA[org.openqa.selenium.WebDriverException: 
chrome not reachable
  (Session info: chrome=97.0.4692.99)
Build info: version: '4.1.1', revision: 'e8fcc2cecf'
System info: host: 'DESKTOP-KTNK891', ip: '192.168.0.194', os.name: 'Windows 10', os.arch: 'amd64', os.version: '10.0', java.version: '11.0.14'
Driver info: org.openqa.selenium.chrome.ChromeDriver
Command: [e43eca5e9311cce334e705faefac5c02, close {}]
Capabilities {acceptInsecureCerts: false, browserName: chrome, browserVersion: 97.0.4692.99, chrome: {chromedriverVersion: 97.0.4692.71 (adefa7837d02a..., userDataDir: C:\Users\ramya\AppData\Loca...}, goog:chromeOptions: {debuggerAddress: localhost:61601}, javascriptEnabled: true, networkConnectionEnabled: false, pageLoadStrategy: normal, platform: WINDOWS, platformName: WINDOWS, proxy: Proxy(), se:cdp: ws://localhost:61601/devtoo..., se:cdpVersion: 97.0.4692.99, setWindowRect: true, strictFileInteractability: false, timeouts: {implicit: 0, pageLoad: 300000, script: 30000}, unhandledPromptBehavior: dismiss and notify, webauthn:extension:credBlob: true, webauthn:extension:largeBlob: true, webauthn:virtualAuthenticators: true}
Session ID: e43eca5e9311cce334e705faefac5c02
	at First.a.newone.throwa(newone.java:25)
]]></failure>
  </testcase>
</testsuite>